<?xml version="1.0" encoding="UTF-8"?>
<testsuite name="SILab2Test" tests="1" skipped="0" failures="0" errors="0" timestamp="2021-05-24T16:53:21" hostname="DESKTOP-BTGD3AC" time="0.027">
  <properties/>
  <testcase name="multipleConditionsTest()" classname="SILab2Test" time="0.027"/>
  <system-out><![CDATA[]]></system-out>
  <system-err><![CDATA[]]></system-err>
</testsuite>
